<?xml version="1.0" encoding="UTF-8"?>
<!-- Generated by org.testng.reporters.JUnitReportReporter -->
<testsuite skipped="0" hostname="Santhoshs-MacBook-Pro.local" name="SeleniumConcept.CompleteSelenium.FBDropdownDateMonth" tests="1" failures="0" timestamp="12 Mar 2018 06:58:25 GMT" time="9.605" errors="0">
  <testcase name="FBDropdownmonth" time="9.605" classname="SeleniumConcept.CompleteSelenium.FBDropdownDateMonth"/>
</testsuite> <!-- SeleniumConcept.CompleteSelenium.FBDropdownDateMonth -->
