<?xml version="1.0" encoding="UTF-8"?>
<!-- Generated by org.testng.reporters.JUnitReportReporter -->
<testsuite skipped="0" hostname="Santhoshs-MacBook-Pro.local" name="SeleniumConcept.CompleteSelenium.App" tests="1" failures="0" timestamp="12 Mar 2018 07:39:18 GMT" time="26.134" errors="0">
  <testcase name="FBDropdown" time="26.134" classname="SeleniumConcept.CompleteSelenium.App"/>
</testsuite> <!-- SeleniumConcept.CompleteSelenium.App -->
