<?xml version="1.0" encoding="UTF-8"?>
<!-- Generated by org.testng.reporters.JUnitReportReporter -->
<testsuite skipped="0" hostname="Santhoshs-MacBook-Pro.local" name="NowOrNever.CompleteSelenium.App" tests="1" failures="0" timestamp="21 Feb 2018 02:37:08 GMT" time="14.435" errors="0">
  <testcase name="FBDropdown" time="14.435" classname="NowOrNever.CompleteSelenium.App"/>
</testsuite> <!-- NowOrNever.CompleteSelenium.App -->
